{"/Users/yuxiao/Downloads/StarParadise/star-park/server/src/app.js": {"path":"/Users/yuxiao/Downloads/StarParadise/star-park/server/src/app.js","statementMap":{"0":{"start":{"line":1,"column":16},"end":{"line":1,"column":34}},"1":{"start":{"line":2,"column":13},"end":{"line":2,"column":28}},"2":{"start":{"line":4,"column":23},"end":{"line":4,"column":51}},"3":{"start":{"line":5,"column":20},"end":{"line":5,"column":45}},"4":{"start":{"line":6,"column":23},"end":{"line":6,"column":51}},"5":{"start":{"line":7,"column":22},"end":{"line":7,"column":49}},"6":{"start":{"line":8,"column":20},"end":{"line":8,"column":45}},"7":{"start":{"line":9,"column":21},"end":{"line":9,"column":47}},"8":{"start":{"line":11,"column":12},"end":{"line":11,"column":21}},"9":{"start":{"line":14,"column":0},"end":{"line":14,"column":null}},"10":{"start":{"line":15,"column":0},"end":{"line":15,"column":null}},"11":{"start":{"line":18,"column":0},"end":{"line":18,"column":null}},"12":{"start":{"line":19,"column":0},"end":{"line":19,"column":null}},"13":{"start":{"line":20,"column":0},"end":{"line":20,"column":null}},"14":{"start":{"line":21,"column":0},"end":{"line":21,"column":null}},"15":{"start":{"line":22,"column":0},"end":{"line":22,"column":null}},"16":{"start":{"line":23,"column":0},"end":{"line":23,"column":null}},"17":{"start":{"line":24,"column":0},"end":{"line":24,"column":null}},"18":{"start":{"line":27,"column":0},"end":{"line":29,"column":null}},"19":{"start":{"line":28,"column":2},"end":{"line":28,"column":null}},"20":{"start":{"line":31,"column":0},"end":{"line":31,"column":null}}},"fnMap":{"0":{"name":"(anonymous_0)","decl":{"start":{"line":27,"column":23},"end":{"line":27,"column":24}},"loc":{"start":{"line":27,"column":37},"end":{"line":29,"column":1}},"line":27}},"branchMap":{},"s":{"0":7,"1":7,"2":7,"3":7,"4":7,"5":7,"6":7,"7":7,"8":7,"9":7,"10":7,"11":7,"12":7,"13":7,"14":7,"15":7,"16":7,"17":7,"18":7,"19":1,"20":7},"f":{"0":1},"b":{},"meta":{"lastBranch":0,"lastFunction":1,"lastStatement":21,"seen":{"s:1:16:1:34":0,"s:2:13:2:28":1,"s:4:23:4:51":2,"s:5:20:5:45":3,"s:6:23:6:51":4,"s:7:22:7:49":5,"s:8:20:8:45":6,"s:9:21:9:47":7,"s:11:12:11:21":8,"s:14:0:14:Infinity":9,"s:15:0:15:Infinity":10,"s:18:0:18:Infinity":11,"s:19:0:19:Infinity":12,"s:20:0:20:Infinity":13,"s:21:0:21:Infinity":14,"s:22:0:22:Infinity":15,"s:23:0:23:Infinity":16,"s:24:0:24:Infinity":17,"s:27:0:29:Infinity":18,"f:27:23:27:24":0,"s:28:2:28:Infinity":19,"s:31:0:31:Infinity":20},"fnNames":{}}}
,"/Users/yuxiao/Downloads/StarParadise/star-park/server/src/database.js": {"path":"/Users/yuxiao/Downloads/StarParadise/star-park/server/src/database.js","statementMap":{"0":{"start":{"line":1,"column":17},"end":{"line":1,"column":null}},"1":{"start":{"line":2,"column":13},"end":{"line":2,"column":null}},"2":{"start":{"line":3,"column":11},"end":{"line":3,"column":null}},"3":{"start":{"line":6,"column":6},"end":{"line":6,"column":null}},"4":{"start":{"line":9,"column":0},"end":{"line":19,"column":null}},"5":{"start":{"line":10,"column":2},"end":{"line":10,"column":null}},"6":{"start":{"line":24,"column":0},"end":{"line":24,"column":null}},"7":{"start":{"line":27,"column":0},"end":{"line":89,"column":null}},"8":{"start":{"line":92,"column":0},"end":{"line":97,"column":null}},"9":{"start":{"line":93,"column":2},"end":{"line":93,"column":null}},"10":{"start":{"line":109,"column":0},"end":{"line":114,"column":null}},"11":{"start":{"line":110,"column":2},"end":{"line":110,"column":null}},"12":{"start":{"line":117,"column":0},"end":{"line":122,"column":null}},"13":{"start":{"line":118,"column":2},"end":{"line":118,"column":null}},"14":{"start":{"line":125,"column":0},"end":{"line":134,"column":null}},"15":{"start":{"line":126,"column":2},"end":{"line":126,"column":null}},"16":{"start":{"line":137,"column":0},"end":{"line":144,"column":null}},"17":{"start":{"line":138,"column":2},"end":{"line":138,"column":null}},"18":{"start":{"line":140,"column":2},"end":{"line":143,"column":null}},"19":{"start":{"line":141,"column":4},"end":{"line":141,"column":null}},"20":{"start":{"line":142,"column":4},"end":{"line":142,"column":null}},"21":{"start":{"line":150,"column":2},"end":{"line":153,"column":null}},"22":{"start":{"line":155,"column":2},"end":{"line":155,"column":null}},"23":{"start":{"line":158,"column":0},"end":{"line":158,"column":null}},"24":{"start":{"line":159,"column":0},"end":{"line":159,"column":null}}},"fnMap":{"0":{"name":"resetForTest","decl":{"start":{"line":147,"column":9},"end":{"line":147,"column":24}},"loc":{"start":{"line":147,"column":24},"end":{"line":156,"column":null}},"line":147}},"branchMap":{"0":{"loc":{"start":{"line":9,"column":0},"end":{"line":19,"column":null}},"type":"if","locations":[{"start":{"line":9,"column":0},"end":{"line":19,"column":null}}],"line":9},"1":{"loc":{"start":{"line":140,"column":2},"end":{"line":143,"column":null}},"type":"if","locations":[{"start":{"line":140,"column":2},"end":{"line":143,"column":null}},{"start":{},"end":{}}],"line":140}},"s":{"0":7,"1":7,"2":7,"3":7,"4":7,"5":7,"6":7,"7":7,"8":7,"9":7,"10":7,"11":7,"12":7,"13":7,"14":0,"15":0,"16":7,"17":0,"18":0,"19":0,"20":7,"21":0,"22":164,"23":164,"24":164},"f":{"0":7},"b":{"0":[7],"1":[0,0]},"meta":{"lastBranch":2,"lastFunction":1,"lastStatement":25,"seen":{"s:1:17:1:Infinity":0,"s:2:13:2:Infinity":1,"s:3:11:3:Infinity":2,"s:6:6:6:Infinity":3,"b:9:0:19:Infinity":0,"s:9:0:19:Infinity":4,"s:10:2:10:Infinity":5,"s:24:0:24:Infinity":6,"s:27:0:89:Infinity":7,"s:92:0:97:Infinity":8,"s:93:2:93:Infinity":9,"s:109:0:114:Infinity":10,"s:110:2:110:Infinity":11,"s:117:0:122:Infinity":12,"s:118:2:118:Infinity":13,"s:125:0:134:Infinity":14,"s:126:2:126:Infinity":15,"s:137:0:144:Infinity":16,"s:138:2:138:Infinity":17,"b:140:2:143:Infinity:undefined:undefined:undefined:undefined":1,"s:140:2:143:Infinity":18,"s:141:4:141:Infinity":19,"s:142:4:142:Infinity":20,"f:147:9:147:24":0,"s:150:2:153:Infinity":21,"s:155:2:155:Infinity":22,"s:158:0:158:Infinity":23,"s:159:0:159:Infinity":24},"fnNames":{}}}
,"/Users/yuxiao/Downloads/StarParadise/star-park/server/src/seed.js": {"path":"/Users/yuxiao/Downloads/StarParadise/star-park/server/src/seed.js","statementMap":{"0":{"start":{"line":1,"column":11},"end":{"line":1,"column":32}},"1":{"start":{"line":5,"column":21},"end":{"line":5,"column":85}},"2":{"start":{"line":6,"column":2},"end":{"line":9,"column":null}},"3":{"start":{"line":7,"column":4},"end":{"line":7,"column":null}},"4":{"start":{"line":8,"column":4},"end":{"line":8,"column":null}},"5":{"start":{"line":11,"column":2},"end":{"line":11,"column":null}},"6":{"start":{"line":13,"column":22},"end":{"line":15,"column":3}},"7":{"start":{"line":16,"column":21},"end":{"line":18,"column":3}},"8":{"start":{"line":19,"column":23},"end":{"line":21,"column":3}},"9":{"start":{"line":23,"column":22},"end":{"line":38,"column":4}},"10":{"start":{"line":25,"column":19},"end":{"line":25,"column":70}},"11":{"start":{"line":26,"column":19},"end":{"line":26,"column":72}},"12":{"start":{"line":27,"column":19},"end":{"line":27,"column":71}},"13":{"start":{"line":30,"column":4},"end":{"line":30,"column":null}},"14":{"start":{"line":32,"column":4},"end":{"line":32,"column":null}},"15":{"start":{"line":34,"column":4},"end":{"line":34,"column":null}},"16":{"start":{"line":37,"column":4},"end":{"line":37,"column":null}},"17":{"start":{"line":40,"column":2},"end":{"line":40,"column":null}},"18":{"start":{"line":41,"column":2},"end":{"line":41,"column":null}},"19":{"start":{"line":44,"column":0},"end":{"line":44,"column":null}}},"fnMap":{"0":{"name":"seed","decl":{"start":{"line":3,"column":9},"end":{"line":3,"column":13}},"loc":{"start":{"line":3,"column":16},"end":{"line":42,"column":null}},"line":3},"1":{"name":"(anonymous_1)","decl":{"start":{"line":23,"column":37},"end":{"line":23,"column":38}},"loc":{"start":{"line":23,"column":43},"end":{"line":38,"column":3}},"line":23}},"branchMap":{"0":{"loc":{"start":{"line":6,"column":2},"end":{"line":9,"column":null}},"type":"if","locations":[{"start":{"line":6,"column":2},"end":{"line":9,"column":null}},{"start":{},"end":{}}],"line":6}},"s":{"0":1,"1":3,"2":3,"3":1,"4":1,"5":2,"6":2,"7":2,"8":2,"9":2,"10":2,"11":2,"12":2,"13":2,"14":2,"15":2,"16":2,"17":2,"18":2,"19":1},"f":{"0":3,"1":2},"b":{"0":[1,2]},"meta":{"lastBranch":1,"lastFunction":2,"lastStatement":20,"seen":{"s:1:11:1:32":0,"f:3:9:3:13":0,"s:5:21:5:85":1,"b:6:2:9:Infinity:undefined:undefined:undefined:undefined":0,"s:6:2:9:Infinity":2,"s:7:4:7:Infinity":3,"s:8:4:8:Infinity":4,"s:11:2:11:Infinity":5,"s:13:22:15:3":6,"s:16:21:18:3":7,"s:19:23:21:3":8,"s:23:22:38:4":9,"f:23:37:23:38":1,"s:25:19:25:70":10,"s:26:19:26:72":11,"s:27:19:27:71":12,"s:30:4:30:Infinity":13,"s:32:4:32:Infinity":14,"s:34:4:34:Infinity":15,"s:37:4:37:Infinity":16,"s:40:2:40:Infinity":17,"s:41:2:41:Infinity":18,"s:44:0:44:Infinity":19},"fnNames":{}}}
,"/Users/yuxiao/Downloads/StarParadise/star-park/server/src/routes/checkins.js": {"path":"/Users/yuxiao/Downloads/StarParadise/star-park/server/src/routes/checkins.js","statementMap":{"0":{"start":{"line":1,"column":16},"end":{"line":1,"column":34}},"1":{"start":{"line":2,"column":11},"end":{"line":2,"column":33}},"2":{"start":{"line":3,"column":14},"end":{"line":3,"column":30}},"3":{"start":{"line":4,"column":15},"end":{"line":4,"column":31}},"4":{"start":{"line":8,"column":23},"end":{"line":8,"column":44}},"5":{"start":{"line":9,"column":2},"end":{"line":9,"column":null}},"6":{"start":{"line":9,"column":25},"end":{"line":9,"column":null}},"7":{"start":{"line":10,"column":2},"end":{"line":10,"column":null}},"8":{"start":{"line":11,"column":16},"end":{"line":11,"column":91}},"9":{"start":{"line":12,"column":21},"end":{"line":12,"column":66}},"10":{"start":{"line":13,"column":2},"end":{"line":13,"column":null}},"11":{"start":{"line":17,"column":0},"end":{"line":38,"column":null}},"12":{"start":{"line":18,"column":2},"end":{"line":37,"column":null}},"13":{"start":{"line":19,"column":31},"end":{"line":19,"column":40}},"14":{"start":{"line":20,"column":14},"end":{"line":20,"column":113}},"15":{"start":{"line":21,"column":19},"end":{"line":21,"column":21}},"16":{"start":{"line":23,"column":4},"end":{"line":26,"column":null}},"17":{"start":{"line":24,"column":6},"end":{"line":24,"column":null}},"18":{"start":{"line":25,"column":6},"end":{"line":25,"column":null}},"19":{"start":{"line":27,"column":4},"end":{"line":30,"column":null}},"20":{"start":{"line":28,"column":6},"end":{"line":28,"column":null}},"21":{"start":{"line":29,"column":6},"end":{"line":29,"column":null}},"22":{"start":{"line":31,"column":4},"end":{"line":31,"column":null}},"23":{"start":{"line":33,"column":21},"end":{"line":33,"column":51}},"24":{"start":{"line":34,"column":4},"end":{"line":34,"column":null}},"25":{"start":{"line":41,"column":0},"end":{"line":106,"column":null}},"26":{"start":{"line":42,"column":2},"end":{"line":105,"column":null}},"27":{"start":{"line":43,"column":74},"end":{"line":43,"column":82}},"28":{"start":{"line":44,"column":4},"end":{"line":46,"column":null}},"29":{"start":{"line":45,"column":6},"end":{"line":45,"column":null}},"30":{"start":{"line":48,"column":24},"end":{"line":48,"column":63}},"31":{"start":{"line":51,"column":17},"end":{"line":51,"column":76}},"32":{"start":{"line":52,"column":4},"end":{"line":54,"column":null}},"33":{"start":{"line":53,"column":6},"end":{"line":53,"column":null}},"34":{"start":{"line":56,"column":25},"end":{"line":56,"column":61}},"35":{"start":{"line":58,"column":25},"end":{"line":58,"column":95}},"36":{"start":{"line":60,"column":24},"end":{"line":95,"column":6}},"37":{"start":{"line":62,"column":21},"end":{"line":64,"column":71}},"38":{"start":{"line":67,"column":6},"end":{"line":92,"column":null}},"39":{"start":{"line":68,"column":8},"end":{"line":86,"column":null}},"40":{"start":{"line":70,"column":10},"end":{"line":72,"column":null}},"41":{"start":{"line":75,"column":26},"end":{"line":77,"column":25}},"42":{"start":{"line":79,"column":10},"end":{"line":85,"column":null}},"43":{"start":{"line":80,"column":30},"end":{"line":80,"column":66}},"44":{"start":{"line":81,"column":31},"end":{"line":81,"column":72}},"45":{"start":{"line":82,"column":12},"end":{"line":84,"column":null}},"46":{"start":{"line":89,"column":8},"end":{"line":91,"column":null}},"47":{"start":{"line":90,"column":10},"end":{"line":90,"column":null}},"48":{"start":{"line":94,"column":6},"end":{"line":94,"column":null}},"49":{"start":{"line":97,"column":21},"end":{"line":97,"column":34}},"50":{"start":{"line":98,"column":20},"end":{"line":100,"column":19}},"51":{"start":{"line":102,"column":4},"end":{"line":102,"column":null}},"52":{"start":{"line":109,"column":0},"end":{"line":200,"column":null}},"53":{"start":{"line":110,"column":2},"end":{"line":199,"column":null}},"54":{"start":{"line":111,"column":24},"end":{"line":111,"column":77}},"55":{"start":{"line":114,"column":24},"end":{"line":116,"column":11}},"56":{"start":{"line":118,"column":4},"end":{"line":120,"column":null}},"57":{"start":{"line":119,"column":6},"end":{"line":119,"column":null}},"58":{"start":{"line":123,"column":29},"end":{"line":125,"column":22}},"59":{"start":{"line":126,"column":23},"end":{"line":126,"column":87}},"60":{"start":{"line":126,"column":57},"end":{"line":126,"column":85}},"61":{"start":{"line":128,"column":27},"end":{"line":193,"column":6}},"62":{"start":{"line":129,"column":22},"end":{"line":129,"column":24}},"63":{"start":{"line":130,"column":20},"end":{"line":130,"column":21}},"64":{"start":{"line":131,"column":20},"end":{"line":131,"column":21}},"65":{"start":{"line":133,"column":6},"end":{"line":190,"column":null}},"66":{"start":{"line":134,"column":20},"end":{"line":134,"column":49}},"67":{"start":{"line":135,"column":8},"end":{"line":146,"column":null}},"68":{"start":{"line":136,"column":10},"end":{"line":136,"column":null}},"69":{"start":{"line":137,"column":10},"end":{"line":144,"column":null}},"70":{"start":{"line":145,"column":10},"end":{"line":145,"column":null}},"71":{"start":{"line":148,"column":29},"end":{"line":148,"column":76}},"72":{"start":{"line":151,"column":23},"end":{"line":153,"column":64}},"73":{"start":{"line":156,"column":8},"end":{"line":172,"column":null}},"74":{"start":{"line":157,"column":10},"end":{"line":159,"column":null}},"75":{"start":{"line":161,"column":26},"end":{"line":163,"column":30}},"76":{"start":{"line":165,"column":10},"end":{"line":171,"column":null}},"77":{"start":{"line":166,"column":30},"end":{"line":166,"column":66}},"78":{"start":{"line":167,"column":31},"end":{"line":167,"column":72}},"79":{"start":{"line":168,"column":12},"end":{"line":170,"column":null}},"80":{"start":{"line":175,"column":8},"end":{"line":177,"column":null}},"81":{"start":{"line":176,"column":10},"end":{"line":176,"column":null}},"82":{"start":{"line":179,"column":8},"end":{"line":179,"column":null}},"83":{"start":{"line":180,"column":8},"end":{"line":180,"column":null}},"84":{"start":{"line":181,"column":8},"end":{"line":189,"column":null}},"85":{"start":{"line":192,"column":6},"end":{"line":192,"column":null}},"86":{"start":{"line":195,"column":19},"end":{"line":195,"column":35}},"87":{"start":{"line":196,"column":4},"end":{"line":196,"column":null}},"88":{"start":{"line":202,"column":0},"end":{"line":202,"column":null}}},"fnMap":{"0":{"name":"rewardPoints","decl":{"start":{"line":7,"column":9},"end":{"line":7,"column":21}},"loc":{"start":{"line":7,"column":47},"end":{"line":14,"column":null}},"line":7},"1":{"name":"(anonymous_1)","decl":{"start":{"line":17,"column":16},"end":{"line":17,"column":17}},"loc":{"start":{"line":17,"column":30},"end":{"line":38,"column":1}},"line":17},"2":{"name":"(anonymous_2)","decl":{"start":{"line":41,"column":17},"end":{"line":41,"column":18}},"loc":{"start":{"line":41,"column":31},"end":{"line":106,"column":1}},"line":41},"3":{"name":"(anonymous_3)","decl":{"start":{"line":60,"column":39},"end":{"line":60,"column":40}},"loc":{"start":{"line":60,"column":45},"end":{"line":95,"column":5}},"line":60},"4":{"name":"(anonymous_4)","decl":{"start":{"line":109,"column":33},"end":{"line":109,"column":34}},"loc":{"start":{"line":109,"column":47},"end":{"line":200,"column":1}},"line":109},"5":{"name":"(anonymous_5)","decl":{"start":{"line":126,"column":52},"end":{"line":126,"column":53}},"loc":{"start":{"line":126,"column":57},"end":{"line":126,"column":85}},"line":126},"6":{"name":"(anonymous_6)","decl":{"start":{"line":128,"column":42},"end":{"line":128,"column":43}},"loc":{"start":{"line":128,"column":48},"end":{"line":193,"column":5}},"line":128}},"branchMap":{"0":{"loc":{"start":{"line":8,"column":23},"end":{"line":8,"column":44}},"type":"binary-expr","locations":[{"start":{"line":8,"column":23},"end":{"line":8,"column":39}},{"start":{"line":8,"column":43},"end":{"line":8,"column":44}}],"line":8},"1":{"loc":{"start":{"line":9,"column":2},"end":{"line":9,"column":null}},"type":"if","locations":[{"start":{"line":9,"column":2},"end":{"line":9,"column":null}},{"start":{},"end":{}}],"line":9},"2":{"loc":{"start":{"line":12,"column":22},"end":{"line":12,"column":50}},"type":"binary-expr","locations":[{"start":{"line":12,"column":23},"end":{"line":12,"column":44}},{"start":{"line":12,"column":49},"end":{"line":12,"column":50}}],"line":12},"3":{"loc":{"start":{"line":23,"column":4},"end":{"line":26,"column":null}},"type":"if","locations":[{"start":{"line":23,"column":4},"end":{"line":26,"column":null}},{"start":{},"end":{}}],"line":23},"4":{"loc":{"start":{"line":27,"column":4},"end":{"line":30,"column":null}},"type":"if","locations":[{"start":{"line":27,"column":4},"end":{"line":30,"column":null}},{"start":{},"end":{}}],"line":27},"5":{"loc":{"start":{"line":44,"column":4},"end":{"line":46,"column":null}},"type":"if","locations":[{"start":{"line":44,"column":4},"end":{"line":46,"column":null}},{"start":{},"end":{}}],"line":44},"6":{"loc":{"start":{"line":44,"column":8},"end":{"line":44,"column":46}},"type":"binary-expr","locations":[{"start":{"line":44,"column":8},"end":{"line":44,"column":17}},{"start":{"line":44,"column":21},"end":{"line":44,"column":29}},{"start":{"line":44,"column":33},"end":{"line":44,"column":46}}],"line":44},"7":{"loc":{"start":{"line":48,"column":24},"end":{"line":48,"column":63}},"type":"cond-expr","locations":[{"start":{"line":48,"column":50},"end":{"line":48,"column":59}},{"start":{"line":48,"column":62},"end":{"line":48,"column":63}}],"line":48},"8":{"loc":{"start":{"line":52,"column":4},"end":{"line":54,"column":null}},"type":"if","locations":[{"start":{"line":52,"column":4},"end":{"line":54,"column":null}},{"start":{},"end":{}}],"line":52},"9":{"loc":{"start":{"line":56,"column":25},"end":{"line":56,"column":61}},"type":"cond-expr","locations":[{"start":{"line":56,"column":39},"end":{"line":56,"column":57}},{"start":{"line":56,"column":60},"end":{"line":56,"column":61}}],"line":56},"10":{"loc":{"start":{"line":58,"column":25},"end":{"line":58,"column":95}},"type":"cond-expr","locations":[{"start":{"line":58,"column":40},"end":{"line":58,"column":90}},{"start":{"line":58,"column":94},"end":{"line":58,"column":95}}],"line":58},"11":{"loc":{"start":{"line":58,"column":40},"end":{"line":58,"column":90}},"type":"binary-expr","locations":[{"start":{"line":58,"column":40},"end":{"line":58,"column":63}},{"start":{"line":58,"column":67},"end":{"line":58,"column":85}},{"start":{"line":58,"column":89},"end":{"line":58,"column":90}}],"line":58},"12":{"loc":{"start":{"line":67,"column":6},"end":{"line":92,"column":null}},"type":"if","locations":[{"start":{"line":67,"column":6},"end":{"line":92,"column":null}},{"start":{},"end":{}}],"line":67},"13":{"loc":{"start":{"line":68,"column":8},"end":{"line":86,"column":null}},"type":"if","locations":[{"start":{"line":68,"column":8},"end":{"line":86,"column":null}},{"start":{},"end":{}}],"line":68},"14":{"loc":{"start":{"line":81,"column":31},"end":{"line":81,"column":72}},"type":"cond-expr","locations":[{"start":{"line":81,"column":67},"end":{"line":81,"column":68}},{"start":{"line":81,"column":71},"end":{"line":81,"column":72}}],"line":81},"15":{"loc":{"start":{"line":89,"column":8},"end":{"line":91,"column":null}},"type":"if","locations":[{"start":{"line":89,"column":8},"end":{"line":91,"column":null}},{"start":{},"end":{}}],"line":89},"16":{"loc":{"start":{"line":111,"column":24},"end":{"line":111,"column":77}},"type":"binary-expr","locations":[{"start":{"line":111,"column":24},"end":{"line":111,"column":45}},{"start":{"line":111,"column":49},"end":{"line":111,"column":77}}],"line":111},"17":{"loc":{"start":{"line":118,"column":4},"end":{"line":120,"column":null}},"type":"if","locations":[{"start":{"line":118,"column":4},"end":{"line":120,"column":null}},{"start":{},"end":{}}],"line":118},"18":{"loc":{"start":{"line":135,"column":8},"end":{"line":146,"column":null}},"type":"if","locations":[{"start":{"line":135,"column":8},"end":{"line":146,"column":null}},{"start":{},"end":{}}],"line":135},"19":{"loc":{"start":{"line":148,"column":29},"end":{"line":148,"column":76}},"type":"cond-expr","locations":[{"start":{"line":148,"column":54},"end":{"line":148,"column":72}},{"start":{"line":148,"column":75},"end":{"line":148,"column":76}}],"line":148},"20":{"loc":{"start":{"line":156,"column":8},"end":{"line":172,"column":null}},"type":"if","locations":[{"start":{"line":156,"column":8},"end":{"line":172,"column":null}},{"start":{},"end":{}}],"line":156},"21":{"loc":{"start":{"line":167,"column":31},"end":{"line":167,"column":72}},"type":"cond-expr","locations":[{"start":{"line":167,"column":67},"end":{"line":167,"column":68}},{"start":{"line":167,"column":71},"end":{"line":167,"column":72}}],"line":167},"22":{"loc":{"start":{"line":175,"column":8},"end":{"line":177,"column":null}},"type":"if","locations":[{"start":{"line":175,"column":8},"end":{"line":177,"column":null}},{"start":{},"end":{}}],"line":175}},"s":{"0":7,"1":7,"2":7,"3":7,"4":0,"5":0,"6":0,"7":0,"8":0,"9":0,"10":0,"11":7,"12":3,"13":3,"14":3,"15":3,"16":3,"17":1,"18":1,"19":3,"20":1,"21":1,"22":3,"23":3,"24":3,"25":7,"26":9,"27":9,"28":9,"29":1,"30":8,"31":9,"32":9,"33":1,"34":7,"35":9,"36":9,"37":7,"38":7,"39":6,"40":6,"41":6,"42":6,"43":6,"44":6,"45":6,"46":6,"47":0,"48":7,"49":9,"50":9,"51":9,"52":7,"53":4,"54":4,"55":4,"56":4,"57":1,"58":3,"59":3,"60":1,"61":3,"62":3,"63":3,"64":3,"65":3,"66":9,"67":9,"68":1,"69":1,"70":1,"71":8,"72":9,"73":9,"74":8,"75":8,"76":8,"77":8,"78":8,"79":8,"80":8,"81":0,"82":8,"83":8,"84":8,"85":3,"86":3,"87":3,"88":7},"f":{"0":0,"1":3,"2":9,"3":7,"4":4,"5":1,"6":3},"b":{"0":[0,0],"1":[0,0],"2":[0,0],"3":[1,2],"4":[1,2],"5":[1,8],"6":[9,9,8],"7":[4,9],"8":[1,8],"9":[6,9],"10":[6,9],"11":[6,6,1],"12":[6,1],"13":[6,0],"14":[6,6],"15":[0,6],"16":[4,1],"17":[1,3],"18":[1,8],"19":[8,9],"20":[8,1],"21":[8,8],"22":[0,8]},"meta":{"lastBranch":23,"lastFunction":7,"lastStatement":89,"seen":{"s:1:16:1:34":0,"s:2:11:2:33":1,"s:3:14:3:30":2,"s:4:15:4:31":3,"f:7:9:7:21":0,"s:8:23:8:44":4,"b:8:23:8:39:8:43:8:44":0,"b:9:2:9:Infinity:undefined:undefined:undefined:undefined":1,"s:9:2:9:Infinity":5,"s:9:25:9:Infinity":6,"s:10:2:10:Infinity":7,"s:11:16:11:91":8,"s:12:21:12:66":9,"b:12:23:12:44:12:49:12:50":2,"s:13:2:13:Infinity":10,"s:17:0:38:Infinity":11,"f:17:16:17:17":1,"s:18:2:37:Infinity":12,"s:19:31:19:40":13,"s:20:14:20:113":14,"s:21:19:21:21":15,"b:23:4:26:Infinity:undefined:undefined:undefined:undefined":3,"s:23:4:26:Infinity":16,"s:24:6:24:Infinity":17,"s:25:6:25:Infinity":18,"b:27:4:30:Infinity:undefined:undefined:undefined:undefined":4,"s:27:4:30:Infinity":19,"s:28:6:28:Infinity":20,"s:29:6:29:Infinity":21,"s:31:4:31:Infinity":22,"s:33:21:33:51":23,"s:34:4:34:Infinity":24,"s:41:0:106:Infinity":25,"f:41:17:41:18":2,"s:42:2:105:Infinity":26,"s:43:74:43:82":27,"b:44:4:46:Infinity:undefined:undefined:undefined:undefined":5,"s:44:4:46:Infinity":28,"b:44:8:44:17:44:21:44:29:44:33:44:46":6,"s:45:6:45:Infinity":29,"s:48:24:48:63":30,"b:48:50:48:59:48:62:48:63":7,"s:51:17:51:76":31,"b:52:4:54:Infinity:undefined:undefined:undefined:undefined":8,"s:52:4:54:Infinity":32,"s:53:6:53:Infinity":33,"s:56:25:56:61":34,"b:56:39:56:57:56:60:56:61":9,"s:58:25:58:95":35,"b:58:40:58:90:58:94:58:95":10,"b:58:40:58:63:58:67:58:85:58:89:58:90":11,"s:60:24:95:6":36,"f:60:39:60:40":3,"s:62:21:64:71":37,"b:67:6:92:Infinity:undefined:undefined:undefined:undefined":12,"s:67:6:92:Infinity":38,"b:68:8:86:Infinity:undefined:undefined:undefined:undefined":13,"s:68:8:86:Infinity":39,"s:70:10:72:Infinity":40,"s:75:26:77:25":41,"s:79:10:85:Infinity":42,"s:80:30:80:66":43,"s:81:31:81:72":44,"b:81:67:81:68:81:71:81:72":14,"s:82:12:84:Infinity":45,"b:89:8:91:Infinity:undefined:undefined:undefined:undefined":15,"s:89:8:91:Infinity":46,"s:90:10:90:Infinity":47,"s:94:6:94:Infinity":48,"s:97:21:97:34":49,"s:98:20:100:19":50,"s:102:4:102:Infinity":51,"s:109:0:200:Infinity":52,"f:109:33:109:34":4,"s:110:2:199:Infinity":53,"s:111:24:111:77":54,"b:111:24:111:45:111:49:111:77":16,"s:114:24:116:11":55,"b:118:4:120:Infinity:undefined:undefined:undefined:undefined":17,"s:118:4:120:Infinity":56,"s:119:6:119:Infinity":57,"s:123:29:125:22":58,"s:126:23:126:87":59,"f:126:52:126:53":5,"s:126:57:126:85":60,"s:128:27:193:6":61,"f:128:42:128:43":6,"s:129:22:129:24":62,"s:130:20:130:21":63,"s:131:20:131:21":64,"s:133:6:190:Infinity":65,"s:134:20:134:49":66,"b:135:8:146:Infinity:undefined:undefined:undefined:undefined":18,"s:135:8:146:Infinity":67,"s:136:10:136:Infinity":68,"s:137:10:144:Infinity":69,"s:145:10:145:Infinity":70,"s:148:29:148:76":71,"b:148:54:148:72:148:75:148:76":19,"s:151:23:153:64":72,"b:156:8:172:Infinity:undefined:undefined:undefined:undefined":20,"s:156:8:172:Infinity":73,"s:157:10:159:Infinity":74,"s:161:26:163:30":75,"s:165:10:171:Infinity":76,"s:166:30:166:66":77,"s:167:31:167:72":78,"b:167:67:167:68:167:71:167:72":21,"s:168:12:170:Infinity":79,"b:175:8:177:Infinity:undefined:undefined:undefined:undefined":22,"s:175:8:177:Infinity":80,"s:176:10:176:Infinity":81,"s:179:8:179:Infinity":82,"s:180:8:180:Infinity":83,"s:181:8:189:Infinity":84,"s:192:6:192:Infinity":85,"s:195:19:195:35":86,"s:196:4:196:Infinity":87,"s:202:0:202:Infinity":88},"fnNames":{}}}
,"/Users/yuxiao/Downloads/StarParadise/star-park/server/src/routes/children.js": {"path":"/Users/yuxiao/Downloads/StarParadise/star-park/server/src/routes/children.js","statementMap":{"0":{"start":{"line":1,"column":16},"end":{"line":1,"column":34}},"1":{"start":{"line":2,"column":11},"end":{"line":2,"column":33}},"2":{"start":{"line":3,"column":15},"end":{"line":3,"column":31}},"3":{"start":{"line":6,"column":0},"end":{"line":37,"column":null}},"4":{"start":{"line":7,"column":2},"end":{"line":36,"column":null}},"5":{"start":{"line":8,"column":21},"end":{"line":8,"column":75}},"6":{"start":{"line":11,"column":30},"end":{"line":31,"column":6}},"7":{"start":{"line":12,"column":20},"end":{"line":12,"column":160}},"8":{"start":{"line":15,"column":28},"end":{"line":17,"column":21}},"9":{"start":{"line":19,"column":6},"end":{"line":30,"column":null}},"10":{"start":{"line":23,"column":31},"end":{"line":29,"column":9}},"11":{"start":{"line":33,"column":4},"end":{"line":33,"column":null}},"12":{"start":{"line":40,"column":0},"end":{"line":54,"column":null}},"13":{"start":{"line":41,"column":2},"end":{"line":53,"column":null}},"14":{"start":{"line":42,"column":54},"end":{"line":42,"column":62}},"15":{"start":{"line":43,"column":4},"end":{"line":45,"column":null}},"16":{"start":{"line":44,"column":6},"end":{"line":44,"column":null}},"17":{"start":{"line":46,"column":19},"end":{"line":48,"column":85}},"18":{"start":{"line":49,"column":18},"end":{"line":49,"column":95}},"19":{"start":{"line":50,"column":4},"end":{"line":50,"column":null}},"20":{"start":{"line":57,"column":0},"end":{"line":68,"column":null}},"21":{"start":{"line":58,"column":2},"end":{"line":67,"column":null}},"22":{"start":{"line":59,"column":19},"end":{"line":59,"column":29}},"23":{"start":{"line":60,"column":18},"end":{"line":60,"column":88}},"24":{"start":{"line":61,"column":4},"end":{"line":63,"column":null}},"25":{"start":{"line":62,"column":6},"end":{"line":62,"column":null}},"26":{"start":{"line":64,"column":4},"end":{"line":64,"column":null}},"27":{"start":{"line":72,"column":0},"end":{"line":93,"column":null}},"28":{"start":{"line":73,"column":2},"end":{"line":92,"column":null}},"29":{"start":{"line":74,"column":19},"end":{"line":74,"column":29}},"30":{"start":{"line":75,"column":21},"end":{"line":75,"column":30}},"31":{"start":{"line":77,"column":4},"end":{"line":89,"column":null}},"32":{"start":{"line":78,"column":27},"end":{"line":80,"column":15}},"33":{"start":{"line":81,"column":6},"end":{"line":81,"column":null}},"34":{"start":{"line":83,"column":27},"end":{"line":87,"column":15}},"35":{"start":{"line":88,"column":6},"end":{"line":88,"column":null}},"36":{"start":{"line":95,"column":0},"end":{"line":95,"column":null}}},"fnMap":{"0":{"name":"(anonymous_0)","decl":{"start":{"line":6,"column":16},"end":{"line":6,"column":17}},"loc":{"start":{"line":6,"column":30},"end":{"line":37,"column":1}},"line":6},"1":{"name":"(anonymous_1)","decl":{"start":{"line":11,"column":43},"end":{"line":11,"column":48}},"loc":{"start":{"line":11,"column":52},"end":{"line":31,"column":5}},"line":11},"2":{"name":"(anonymous_2)","decl":{"start":{"line":23,"column":25},"end":{"line":23,"column":26}},"loc":{"start":{"line":23,"column":31},"end":{"line":29,"column":9}},"line":23},"3":{"name":"(anonymous_3)","decl":{"start":{"line":40,"column":17},"end":{"line":40,"column":18}},"loc":{"start":{"line":40,"column":31},"end":{"line":54,"column":1}},"line":40},"4":{"name":"(anonymous_4)","decl":{"start":{"line":57,"column":27},"end":{"line":57,"column":28}},"loc":{"start":{"line":57,"column":41},"end":{"line":68,"column":1}},"line":57},"5":{"name":"(anonymous_5)","decl":{"start":{"line":72,"column":32},"end":{"line":72,"column":33}},"loc":{"start":{"line":72,"column":46},"end":{"line":93,"column":1}},"line":72}},"branchMap":{"0":{"loc":{"start":{"line":22,"column":24},"end":{"line":22,"column":49}},"type":"binary-expr","locations":[{"start":{"line":22,"column":24},"end":{"line":22,"column":44}},{"start":{"line":22,"column":48},"end":{"line":22,"column":49}}],"line":22},"1":{"loc":{"start":{"line":43,"column":4},"end":{"line":45,"column":null}},"type":"if","locations":[{"start":{"line":43,"column":4},"end":{"line":45,"column":null}},{"start":{},"end":{}}],"line":43},"2":{"loc":{"start":{"line":48,"column":16},"end":{"line":48,"column":27}},"type":"binary-expr","locations":[{"start":{"line":48,"column":16},"end":{"line":48,"column":19}},{"start":{"line":48,"column":23},"end":{"line":48,"column":27}}],"line":48},"3":{"loc":{"start":{"line":48,"column":29},"end":{"line":48,"column":42}},"type":"binary-expr","locations":[{"start":{"line":48,"column":29},"end":{"line":48,"column":34}},{"start":{"line":48,"column":38},"end":{"line":48,"column":42}}],"line":48},"4":{"loc":{"start":{"line":48,"column":44},"end":{"line":48,"column":57}},"type":"binary-expr","locations":[{"start":{"line":48,"column":44},"end":{"line":48,"column":49}},{"start":{"line":48,"column":53},"end":{"line":48,"column":57}}],"line":48},"5":{"loc":{"start":{"line":48,"column":59},"end":{"line":48,"column":84}},"type":"binary-expr","locations":[{"start":{"line":48,"column":59},"end":{"line":48,"column":71}},{"start":{"line":48,"column":75},"end":{"line":48,"column":84}}],"line":48},"6":{"loc":{"start":{"line":61,"column":4},"end":{"line":63,"column":null}},"type":"if","locations":[{"start":{"line":61,"column":4},"end":{"line":63,"column":null}},{"start":{},"end":{}}],"line":61},"7":{"loc":{"start":{"line":64,"column":13},"end":{"line":64,"column":38}},"type":"binary-expr","locations":[{"start":{"line":64,"column":13},"end":{"line":64,"column":33}},{"start":{"line":64,"column":37},"end":{"line":64,"column":38}}],"line":64},"8":{"loc":{"start":{"line":77,"column":4},"end":{"line":89,"column":null}},"type":"if","locations":[{"start":{"line":77,"column":4},"end":{"line":89,"column":null}},{"start":{"line":82,"column":11},"end":{"line":89,"column":null}}],"line":77}},"s":{"0":7,"1":7,"2":7,"3":7,"4":3,"5":3,"6":3,"7":6,"8":6,"9":6,"10":11,"11":3,"12":7,"13":3,"14":3,"15":3,"16":1,"17":2,"18":3,"19":3,"20":7,"21":2,"22":2,"23":2,"24":2,"25":1,"26":1,"27":7,"28":2,"29":2,"30":2,"31":2,"32":1,"33":1,"34":1,"35":1,"36":7},"f":{"0":3,"1":6,"2":11,"3":3,"4":2,"5":2},"b":{"0":[6,6],"1":[1,2],"2":[2,1],"3":[3,1],"4":[3,2],"5":[3,2],"6":[1,1],"7":[1,2],"8":[1,1]},"meta":{"lastBranch":9,"lastFunction":6,"lastStatement":37,"seen":{"s:1:16:1:34":0,"s:2:11:2:33":1,"s:3:15:3:31":2,"s:6:0:37:Infinity":3,"f:6:16:6:17":0,"s:7:2:36:Infinity":4,"s:8:21:8:75":5,"s:11:30:31:6":6,"f:11:43:11:48":1,"s:12:20:12:160":7,"s:15:28:17:21":8,"s:19:6:30:Infinity":9,"b:22:24:22:44:22:48:22:49":0,"f:23:25:23:26":2,"s:23:31:29:9":10,"s:33:4:33:Infinity":11,"s:40:0:54:Infinity":12,"f:40:17:40:18":3,"s:41:2:53:Infinity":13,"s:42:54:42:62":14,"b:43:4:45:Infinity:undefined:undefined:undefined:undefined":1,"s:43:4:45:Infinity":15,"s:44:6:44:Infinity":16,"s:46:19:48:85":17,"b:48:16:48:19:48:23:48:27":2,"b:48:29:48:34:48:38:48:42":3,"b:48:44:48:49:48:53:48:57":4,"b:48:59:48:71:48:75:48:84":5,"s:49:18:49:95":18,"s:50:4:50:Infinity":19,"s:57:0:68:Infinity":20,"f:57:27:57:28":4,"s:58:2:67:Infinity":21,"s:59:19:59:29":22,"s:60:18:60:88":23,"b:61:4:63:Infinity:undefined:undefined:undefined:undefined":6,"s:61:4:63:Infinity":24,"s:62:6:62:Infinity":25,"s:64:4:64:Infinity":26,"b:64:13:64:33:64:37:64:38":7,"s:72:0:93:Infinity":27,"f:72:32:72:33":5,"s:73:2:92:Infinity":28,"s:74:19:74:29":29,"s:75:21:75:30":30,"b:77:4:89:Infinity:82:11:89:Infinity":8,"s:77:4:89:Infinity":31,"s:78:27:80:15":32,"s:81:6:81:Infinity":33,"s:83:27:87:15":34,"s:88:6:88:Infinity":35,"s:95:0:95:Infinity":36},"fnNames":{}}}
,"/Users/yuxiao/Downloads/StarParadise/star-park/server/src/routes/points.js": {"path":"/Users/yuxiao/Downloads/StarParadise/star-park/server/src/routes/points.js","statementMap":{"0":{"start":{"line":1,"column":16},"end":{"line":1,"column":34}},"1":{"start":{"line":2,"column":11},"end":{"line":2,"column":33}},"2":{"start":{"line":3,"column":15},"end":{"line":3,"column":31}},"3":{"start":{"line":6,"column":0},"end":{"line":28,"column":null}},"4":{"start":{"line":7,"column":2},"end":{"line":27,"column":null}},"5":{"start":{"line":8,"column":25},"end":{"line":8,"column":34}},"6":{"start":{"line":9,"column":4},"end":{"line":11,"column":null}},"7":{"start":{"line":10,"column":6},"end":{"line":10,"column":null}},"8":{"start":{"line":13,"column":19},"end":{"line":15,"column":19}},"9":{"start":{"line":17,"column":20},"end":{"line":19,"column":19}},"10":{"start":{"line":21,"column":4},"end":{"line":24,"column":null}},"11":{"start":{"line":31,"column":0},"end":{"line":70,"column":null}},"12":{"start":{"line":32,"column":2},"end":{"line":69,"column":null}},"13":{"start":{"line":33,"column":41},"end":{"line":33,"column":49}},"14":{"start":{"line":34,"column":4},"end":{"line":36,"column":null}},"15":{"start":{"line":35,"column":6},"end":{"line":35,"column":null}},"16":{"start":{"line":38,"column":25},"end":{"line":38,"column":41}},"17":{"start":{"line":39,"column":4},"end":{"line":41,"column":null}},"18":{"start":{"line":40,"column":6},"end":{"line":40,"column":null}},"19":{"start":{"line":43,"column":24},"end":{"line":55,"column":6}},"20":{"start":{"line":45,"column":21},"end":{"line":47,"column":55}},"21":{"start":{"line":50,"column":20},"end":{"line":50,"column":96}},"22":{"start":{"line":51,"column":25},"end":{"line":51,"column":70}},"23":{"start":{"line":52,"column":6},"end":{"line":52,"column":null}},"24":{"start":{"line":54,"column":6},"end":{"line":54,"column":null}},"25":{"start":{"line":57,"column":21},"end":{"line":57,"column":34}},"26":{"start":{"line":58,"column":23},"end":{"line":58,"column":99}},"27":{"start":{"line":60,"column":4},"end":{"line":66,"column":null}},"28":{"start":{"line":72,"column":0},"end":{"line":72,"column":null}}},"fnMap":{"0":{"name":"(anonymous_0)","decl":{"start":{"line":6,"column":16},"end":{"line":6,"column":17}},"loc":{"start":{"line":6,"column":30},"end":{"line":28,"column":1}},"line":6},"1":{"name":"(anonymous_1)","decl":{"start":{"line":31,"column":17},"end":{"line":31,"column":18}},"loc":{"start":{"line":31,"column":31},"end":{"line":70,"column":1}},"line":31},"2":{"name":"(anonymous_2)","decl":{"start":{"line":43,"column":39},"end":{"line":43,"column":40}},"loc":{"start":{"line":43,"column":45},"end":{"line":55,"column":5}},"line":43}},"branchMap":{"0":{"loc":{"start":{"line":9,"column":4},"end":{"line":11,"column":null}},"type":"if","locations":[{"start":{"line":9,"column":4},"end":{"line":11,"column":null}},{"start":{},"end":{}}],"line":9},"1":{"loc":{"start":{"line":23,"column":15},"end":{"line":23,"column":null}},"type":"binary-expr","locations":[{"start":{"line":23,"column":15},"end":{"line":23,"column":38}},{"start":{"line":23,"column":42},"end":{"line":23,"column":null}}],"line":23},"2":{"loc":{"start":{"line":34,"column":4},"end":{"line":36,"column":null}},"type":"if","locations":[{"start":{"line":34,"column":4},"end":{"line":36,"column":null}},{"start":{},"end":{}}],"line":34},"3":{"loc":{"start":{"line":34,"column":8},"end":{"line":34,"column":41}},"type":"binary-expr","locations":[{"start":{"line":34,"column":8},"end":{"line":34,"column":17}},{"start":{"line":34,"column":21},"end":{"line":34,"column":41}}],"line":34},"4":{"loc":{"start":{"line":39,"column":4},"end":{"line":41,"column":null}},"type":"if","locations":[{"start":{"line":39,"column":4},"end":{"line":41,"column":null}},{"start":{},"end":{}}],"line":39},"5":{"loc":{"start":{"line":39,"column":8},"end":{"line":39,"column":49}},"type":"binary-expr","locations":[{"start":{"line":39,"column":8},"end":{"line":39,"column":27}},{"start":{"line":39,"column":31},"end":{"line":39,"column":49}}],"line":39},"6":{"loc":{"start":{"line":47,"column":36},"end":{"line":47,"column":54}},"type":"binary-expr","locations":[{"start":{"line":47,"column":36},"end":{"line":47,"column":42}},{"start":{"line":47,"column":46},"end":{"line":47,"column":54}}],"line":47},"7":{"loc":{"start":{"line":51,"column":26},"end":{"line":51,"column":54}},"type":"binary-expr","locations":[{"start":{"line":51,"column":27},"end":{"line":51,"column":48}},{"start":{"line":51,"column":53},"end":{"line":51,"column":54}}],"line":51},"8":{"loc":{"start":{"line":64,"column":14},"end":{"line":64,"column":32}},"type":"binary-expr","locations":[{"start":{"line":64,"column":14},"end":{"line":64,"column":20}},{"start":{"line":64,"column":24},"end":{"line":64,"column":32}}],"line":64},"9":{"loc":{"start":{"line":65,"column":19},"end":{"line":65,"column":null}},"type":"binary-expr","locations":[{"start":{"line":65,"column":19},"end":{"line":65,"column":45}},{"start":{"line":65,"column":49},"end":{"line":65,"column":null}}],"line":65}},"s":{"0":7,"1":7,"2":7,"3":7,"4":2,"5":2,"6":2,"7":1,"8":1,"9":1,"10":1,"11":7,"12":8,"13":8,"14":8,"15":1,"16":7,"17":7,"18":2,"19":5,"20":5,"21":5,"22":5,"23":5,"24":5,"25":5,"26":5,"27":5,"28":7},"f":{"0":2,"1":8,"2":5},"b":{"0":[1,1],"1":[1,1],"2":[1,7],"3":[8,8],"4":[2,5],"5":[7,6],"6":[5,1],"7":[5,5],"8":[5,1],"9":[8,8]},"meta":{"lastBranch":10,"lastFunction":3,"lastStatement":29,"seen":{"s:1:16:1:34":0,"s:2:11:2:33":1,"s:3:15:3:31":2,"s:6:0:28:Infinity":3,"f:6:16:6:17":0,"s:7:2:27:Infinity":4,"s:8:25:8:34":5,"b:9:4:11:Infinity:undefined:undefined:undefined:undefined":0,"s:9:4:11:Infinity":6,"s:10:6:10:Infinity":7,"s:13:19:15:19":8,"s:17:20:19:19":9,"s:21:4:24:Infinity":10,"b:23:15:23:38:23:42:23:Infinity":1,"s:31:0:70:Infinity":11,"f:31:17:31:18":1,"s:32:2:69:Infinity":12,"s:33:41:33:49":13,"b:34:4:36:Infinity:undefined:undefined:undefined:undefined":2,"s:34:4:36:Infinity":14,"b:34:8:34:17:34:21:34:41":3,"s:35:6:35:Infinity":15,"s:38:25:38:41":16,"b:39:4:41:Infinity:undefined:undefined:undefined:undefined":4,"s:39:4:41:Infinity":17,"b:39:8:39:27:39:31:39:49":5,"s:40:6:40:Infinity":18,"s:43:24:55:6":19,"f:43:39:43:40":2,"s:45:21:47:55":20,"b:47:36:47:42:47:46:47:54":6,"s:50:20:50:96":21,"s:51:25:51:70":22,"b:51:27:51:48:51:53:51:54":7,"s:52:6:52:Infinity":23,"s:54:6:54:Infinity":24,"s:57:21:57:34":25,"s:58:23:58:99":26,"s:60:4:66:Infinity":27,"b:64:14:64:20:64:24:64:32":8,"b:65:19:65:45:65:49:65:Infinity":9,"s:72:0:72:Infinity":28},"fnNames":{}}}
,"/Users/yuxiao/Downloads/StarParadise/star-park/server/src/routes/rewards.js": {"path":"/Users/yuxiao/Downloads/StarParadise/star-park/server/src/routes/rewards.js","statementMap":{"0":{"start":{"line":1,"column":16},"end":{"line":1,"column":34}},"1":{"start":{"line":2,"column":11},"end":{"line":2,"column":33}},"2":{"start":{"line":3,"column":15},"end":{"line":3,"column":31}},"3":{"start":{"line":6,"column":0},"end":{"line":19,"column":null}},"4":{"start":{"line":7,"column":2},"end":{"line":18,"column":null}},"5":{"start":{"line":8,"column":25},"end":{"line":8,"column":34}},"6":{"start":{"line":10,"column":4},"end":{"line":14,"column":null}},"7":{"start":{"line":11,"column":6},"end":{"line":11,"column":null}},"8":{"start":{"line":13,"column":6},"end":{"line":13,"column":null}},"9":{"start":{"line":15,"column":4},"end":{"line":15,"column":null}},"10":{"start":{"line":22,"column":0},"end":{"line":38,"column":null}},"11":{"start":{"line":23,"column":2},"end":{"line":37,"column":null}},"12":{"start":{"line":24,"column":73},"end":{"line":24,"column":81}},"13":{"start":{"line":25,"column":4},"end":{"line":27,"column":null}},"14":{"start":{"line":26,"column":6},"end":{"line":26,"column":null}},"15":{"start":{"line":28,"column":17},"end":{"line":28,"column":35}},"16":{"start":{"line":29,"column":17},"end":{"line":29,"column":34}},"17":{"start":{"line":30,"column":19},"end":{"line":32,"column":56}},"18":{"start":{"line":33,"column":19},"end":{"line":33,"column":95}},"19":{"start":{"line":34,"column":4},"end":{"line":34,"column":null}},"20":{"start":{"line":41,"column":0},"end":{"line":67,"column":null}},"21":{"start":{"line":42,"column":2},"end":{"line":66,"column":null}},"22":{"start":{"line":43,"column":19},"end":{"line":43,"column":29}},"23":{"start":{"line":44,"column":21},"end":{"line":44,"column":77}},"24":{"start":{"line":45,"column":4},"end":{"line":47,"column":null}},"25":{"start":{"line":46,"column":6},"end":{"line":46,"column":null}},"26":{"start":{"line":48,"column":92},"end":{"line":48,"column":100}},"27":{"start":{"line":49,"column":19},"end":{"line":49,"column":96}},"28":{"start":{"line":62,"column":20},"end":{"line":62,"column":76}},"29":{"start":{"line":63,"column":4},"end":{"line":63,"column":null}},"30":{"start":{"line":70,"column":0},"end":{"line":82,"column":null}},"31":{"start":{"line":71,"column":2},"end":{"line":81,"column":null}},"32":{"start":{"line":72,"column":19},"end":{"line":72,"column":29}},"33":{"start":{"line":73,"column":21},"end":{"line":73,"column":77}},"34":{"start":{"line":74,"column":4},"end":{"line":76,"column":null}},"35":{"start":{"line":75,"column":6},"end":{"line":75,"column":null}},"36":{"start":{"line":77,"column":4},"end":{"line":77,"column":null}},"37":{"start":{"line":78,"column":4},"end":{"line":78,"column":null}},"38":{"start":{"line":85,"column":0},"end":{"line":162,"column":null}},"39":{"start":{"line":86,"column":2},"end":{"line":161,"column":null}},"40":{"start":{"line":87,"column":19},"end":{"line":87,"column":29}},"41":{"start":{"line":88,"column":19},"end":{"line":88,"column":75}},"42":{"start":{"line":89,"column":4},"end":{"line":91,"column":null}},"43":{"start":{"line":90,"column":6},"end":{"line":90,"column":null}},"44":{"start":{"line":92,"column":4},"end":{"line":94,"column":null}},"45":{"start":{"line":93,"column":6},"end":{"line":93,"column":null}},"46":{"start":{"line":95,"column":4},"end":{"line":97,"column":null}},"47":{"start":{"line":96,"column":6},"end":{"line":96,"column":null}},"48":{"start":{"line":99,"column":25},"end":{"line":99,"column":46}},"49":{"start":{"line":100,"column":17},"end":{"line":100,"column":42}},"50":{"start":{"line":102,"column":24},"end":{"line":149,"column":6}},"51":{"start":{"line":103,"column":6},"end":{"line":146,"column":null}},"52":{"start":{"line":105,"column":27},"end":{"line":109,"column":30}},"53":{"start":{"line":111,"column":8},"end":{"line":113,"column":null}},"54":{"start":{"line":112,"column":10},"end":{"line":112,"column":null}},"55":{"start":{"line":116,"column":8},"end":{"line":116,"column":null}},"56":{"start":{"line":119,"column":8},"end":{"line":121,"column":null}},"57":{"start":{"line":123,"column":13},"end":{"line":146,"column":null}},"58":{"start":{"line":125,"column":22},"end":{"line":125,"column":105}},"59":{"start":{"line":127,"column":8},"end":{"line":129,"column":null}},"60":{"start":{"line":128,"column":10},"end":{"line":128,"column":null}},"61":{"start":{"line":132,"column":8},"end":{"line":132,"column":null}},"62":{"start":{"line":135,"column":8},"end":{"line":137,"column":null}},"63":{"start":{"line":140,"column":8},"end":{"line":142,"column":null}},"64":{"start":{"line":145,"column":8},"end":{"line":145,"column":null}},"65":{"start":{"line":148,"column":6},"end":{"line":148,"column":null}},"66":{"start":{"line":151,"column":21},"end":{"line":151,"column":34}},"67":{"start":{"line":152,"column":4},"end":{"line":152,"column":null}},"68":{"start":{"line":164,"column":0},"end":{"line":164,"column":null}}},"fnMap":{"0":{"name":"(anonymous_0)","decl":{"start":{"line":6,"column":16},"end":{"line":6,"column":17}},"loc":{"start":{"line":6,"column":30},"end":{"line":19,"column":1}},"line":6},"1":{"name":"(anonymous_1)","decl":{"start":{"line":22,"column":17},"end":{"line":22,"column":18}},"loc":{"start":{"line":22,"column":31},"end":{"line":38,"column":1}},"line":22},"2":{"name":"(anonymous_2)","decl":{"start":{"line":41,"column":19},"end":{"line":41,"column":20}},"loc":{"start":{"line":41,"column":33},"end":{"line":67,"column":1}},"line":41},"3":{"name":"(anonymous_3)","decl":{"start":{"line":70,"column":22},"end":{"line":70,"column":23}},"loc":{"start":{"line":70,"column":36},"end":{"line":82,"column":1}},"line":70},"4":{"name":"(anonymous_4)","decl":{"start":{"line":85,"column":27},"end":{"line":85,"column":28}},"loc":{"start":{"line":85,"column":41},"end":{"line":162,"column":1}},"line":85},"5":{"name":"(anonymous_5)","decl":{"start":{"line":102,"column":39},"end":{"line":102,"column":40}},"loc":{"start":{"line":102,"column":45},"end":{"line":149,"column":5}},"line":102}},"branchMap":{"0":{"loc":{"start":{"line":10,"column":4},"end":{"line":14,"column":null}},"type":"if","locations":[{"start":{"line":10,"column":4},"end":{"line":14,"column":null}},{"start":{"line":12,"column":11},"end":{"line":14,"column":null}}],"line":10},"1":{"loc":{"start":{"line":25,"column":4},"end":{"line":27,"column":null}},"type":"if","locations":[{"start":{"line":25,"column":4},"end":{"line":27,"column":null}},{"start":{},"end":{}}],"line":25},"2":{"loc":{"start":{"line":25,"column":8},"end":{"line":25,"column":58}},"type":"binary-expr","locations":[{"start":{"line":25,"column":8},"end":{"line":25,"column":17}},{"start":{"line":25,"column":21},"end":{"line":25,"column":27}},{"start":{"line":25,"column":31},"end":{"line":25,"column":58}}],"line":25},"3":{"loc":{"start":{"line":28,"column":17},"end":{"line":28,"column":35}},"type":"binary-expr","locations":[{"start":{"line":28,"column":17},"end":{"line":28,"column":28}},{"start":{"line":28,"column":32},"end":{"line":28,"column":35}}],"line":28},"4":{"loc":{"start":{"line":29,"column":17},"end":{"line":29,"column":34}},"type":"binary-expr","locations":[{"start":{"line":29,"column":17},"end":{"line":29,"column":28}},{"start":{"line":29,"column":32},"end":{"line":29,"column":34}}],"line":29},"5":{"loc":{"start":{"line":45,"column":4},"end":{"line":47,"column":null}},"type":"if","locations":[{"start":{"line":45,"column":4},"end":{"line":47,"column":null}},{"start":{},"end":{}}],"line":45},"6":{"loc":{"start":{"line":74,"column":4},"end":{"line":76,"column":null}},"type":"if","locations":[{"start":{"line":74,"column":4},"end":{"line":76,"column":null}},{"start":{},"end":{}}],"line":74},"7":{"loc":{"start":{"line":89,"column":4},"end":{"line":91,"column":null}},"type":"if","locations":[{"start":{"line":89,"column":4},"end":{"line":91,"column":null}},{"start":{},"end":{}}],"line":89},"8":{"loc":{"start":{"line":92,"column":4},"end":{"line":94,"column":null}},"type":"if","locations":[{"start":{"line":92,"column":4},"end":{"line":94,"column":null}},{"start":{},"end":{}}],"line":92},"9":{"loc":{"start":{"line":95,"column":4},"end":{"line":97,"column":null}},"type":"if","locations":[{"start":{"line":95,"column":4},"end":{"line":97,"column":null}},{"start":{},"end":{}}],"line":95},"10":{"loc":{"start":{"line":100,"column":17},"end":{"line":100,"column":42}},"type":"binary-expr","locations":[{"start":{"line":100,"column":17},"end":{"line":100,"column":35}},{"start":{"line":100,"column":39},"end":{"line":100,"column":42}}],"line":100},"11":{"loc":{"start":{"line":103,"column":6},"end":{"line":146,"column":null}},"type":"if","locations":[{"start":{"line":103,"column":6},"end":{"line":146,"column":null}},{"start":{"line":123,"column":13},"end":{"line":146,"column":null}}],"line":103},"12":{"loc":{"start":{"line":111,"column":8},"end":{"line":113,"column":null}},"type":"if","locations":[{"start":{"line":111,"column":8},"end":{"line":113,"column":null}},{"start":{},"end":{}}],"line":111},"13":{"loc":{"start":{"line":123,"column":13},"end":{"line":146,"column":null}},"type":"if","locations":[{"start":{"line":123,"column":13},"end":{"line":146,"column":null}},{"start":{"line":144,"column":13},"end":{"line":146,"column":null}}],"line":123},"14":{"loc":{"start":{"line":127,"column":8},"end":{"line":129,"column":null}},"type":"if","locations":[{"start":{"line":127,"column":8},"end":{"line":129,"column":null}},{"start":{},"end":{}}],"line":127},"15":{"loc":{"start":{"line":127,"column":13},"end":{"line":127,"column":39}},"type":"binary-expr","locations":[{"start":{"line":127,"column":13},"end":{"line":127,"column":34}},{"start":{"line":127,"column":38},"end":{"line":127,"column":39}}],"line":127}},"s":{"0":7,"1":7,"2":7,"3":7,"4":2,"5":2,"6":2,"7":1,"8":1,"9":2,"10":7,"11":3,"12":3,"13":3,"14":1,"15":2,"16":3,"17":3,"18":3,"19":3,"20":7,"21":3,"22":3,"23":3,"24":3,"25":1,"26":2,"27":2,"28":2,"29":2,"30":7,"31":2,"32":2,"33":2,"34":2,"35":1,"36":1,"37":1,"38":7,"39":9,"40":9,"41":9,"42":9,"43":1,"44":8,"45":1,"46":7,"47":1,"48":6,"49":6,"50":9,"51":6,"52":3,"53":3,"54":1,"55":2,"56":2,"57":3,"58":2,"59":2,"60":1,"61":1,"62":1,"63":1,"64":1,"65":3,"66":9,"67":9,"68":7},"f":{"0":2,"1":3,"2":3,"3":2,"4":9,"5":6},"b":{"0":[1,1],"1":[1,2],"2":[3,3,2],"3":[2,1],"4":[3,1],"5":[1,2],"6":[1,1],"7":[1,8],"8":[1,7],"9":[1,6],"10":[6,9],"11":[3,3],"12":[1,2],"13":[2,1],"14":[1,1],"15":[2,2]},"meta":{"lastBranch":16,"lastFunction":6,"lastStatement":69,"seen":{"s:1:16:1:34":0,"s:2:11:2:33":1,"s:3:15:3:31":2,"s:6:0:19:Infinity":3,"f:6:16:6:17":0,"s:7:2:18:Infinity":4,"s:8:25:8:34":5,"b:10:4:14:Infinity:12:11:14:Infinity":0,"s:10:4:14:Infinity":6,"s:11:6:11:Infinity":7,"s:13:6:13:Infinity":8,"s:15:4:15:Infinity":9,"s:22:0:38:Infinity":10,"f:22:17:22:18":1,"s:23:2:37:Infinity":11,"s:24:73:24:81":12,"b:25:4:27:Infinity:undefined:undefined:undefined:undefined":1,"s:25:4:27:Infinity":13,"b:25:8:25:17:25:21:25:27:25:31:25:58":2,"s:26:6:26:Infinity":14,"s:28:17:28:35":15,"b:28:17:28:28:28:32:28:35":3,"s:29:17:29:34":16,"b:29:17:29:28:29:32:29:34":4,"s:30:19:32:56":17,"s:33:19:33:95":18,"s:34:4:34:Infinity":19,"s:41:0:67:Infinity":20,"f:41:19:41:20":2,"s:42:2:66:Infinity":21,"s:43:19:43:29":22,"s:44:21:44:77":23,"b:45:4:47:Infinity:undefined:undefined:undefined:undefined":5,"s:45:4:47:Infinity":24,"s:46:6:46:Infinity":25,"s:48:92:48:100":26,"s:49:19:49:96":27,"s:62:20:62:76":28,"s:63:4:63:Infinity":29,"s:70:0:82:Infinity":30,"f:70:22:70:23":3,"s:71:2:81:Infinity":31,"s:72:19:72:29":32,"s:73:21:73:77":33,"b:74:4:76:Infinity:undefined:undefined:undefined:undefined":6,"s:74:4:76:Infinity":34,"s:75:6:75:Infinity":35,"s:77:4:77:Infinity":36,"s:78:4:78:Infinity":37,"s:85:0:162:Infinity":38,"f:85:27:85:28":4,"s:86:2:161:Infinity":39,"s:87:19:87:29":40,"s:88:19:88:75":41,"b:89:4:91:Infinity:undefined:undefined:undefined:undefined":7,"s:89:4:91:Infinity":42,"s:90:6:90:Infinity":43,"b:92:4:94:Infinity:undefined:undefined:undefined:undefined":8,"s:92:4:94:Infinity":44,"s:93:6:93:Infinity":45,"b:95:4:97:Infinity:undefined:undefined:undefined:undefined":9,"s:95:4:97:Infinity":46,"s:96:6:96:Infinity":47,"s:99:25:99:46":48,"s:100:17:100:42":49,"b:100:17:100:35:100:39:100:42":10,"s:102:24:149:6":50,"f:102:39:102:40":5,"b:103:6:146:Infinity:123:13:146:Infinity":11,"s:103:6:146:Infinity":51,"s:105:27:109:30":52,"b:111:8:113:Infinity:undefined:undefined:undefined:undefined":12,"s:111:8:113:Infinity":53,"s:112:10:112:Infinity":54,"s:116:8:116:Infinity":55,"s:119:8:121:Infinity":56,"b:123:13:146:Infinity:144:13:146:Infinity":13,"s:123:13:146:Infinity":57,"s:125:22:125:105":58,"b:127:8:129:Infinity:undefined:undefined:undefined:undefined":14,"s:127:8:129:Infinity":59,"b:127:13:127:34:127:38:127:39":15,"s:128:10:128:Infinity":60,"s:132:8:132:Infinity":61,"s:135:8:137:Infinity":62,"s:140:8:142:Infinity":63,"s:145:8:145:Infinity":64,"s:148:6:148:Infinity":65,"s:151:21:151:34":66,"s:152:4:152:Infinity":67,"s:164:0:164:Infinity":68},"fnNames":{}}}
,"/Users/yuxiao/Downloads/StarParadise/star-park/server/src/routes/stats.js": {"path":"/Users/yuxiao/Downloads/StarParadise/star-park/server/src/routes/stats.js","statementMap":{"0":{"start":{"line":1,"column":16},"end":{"line":1,"column":34}},"1":{"start":{"line":2,"column":11},"end":{"line":2,"column":33}},"2":{"start":{"line":3,"column":14},"end":{"line":3,"column":30}},"3":{"start":{"line":4,"column":15},"end":{"line":4,"column":31}},"4":{"start":{"line":7,"column":0},"end":{"line":101,"column":null}},"5":{"start":{"line":8,"column":2},"end":{"line":100,"column":null}},"6":{"start":{"line":9,"column":24},"end":{"line":9,"column":34}},"7":{"start":{"line":10,"column":18},"end":{"line":10,"column":80}},"8":{"start":{"line":11,"column":4},"end":{"line":13,"column":null}},"9":{"start":{"line":12,"column":6},"end":{"line":12,"column":null}},"10":{"start":{"line":15,"column":18},"end":{"line":15,"column":46}},"11":{"start":{"line":18,"column":17},"end":{"line":18,"column":18}},"12":{"start":{"line":19,"column":28},"end":{"line":21,"column":18}},"13":{"start":{"line":23,"column":4},"end":{"line":36,"column":null}},"14":{"start":{"line":24,"column":22},"end":{"line":24,"column":34}},"15":{"start":{"line":26,"column":30},"end":{"line":26,"column":81}},"16":{"start":{"line":26,"column":56},"end":{"line":26,"column":80}},"17":{"start":{"line":27,"column":6},"end":{"line":29,"column":null}},"18":{"start":{"line":28,"column":8},"end":{"line":28,"column":null}},"19":{"start":{"line":31,"column":22},"end":{"line":31,"column":71}},"20":{"start":{"line":31,"column":55},"end":{"line":31,"column":69}},"21":{"start":{"line":32,"column":6},"end":{"line":35,"column":null}},"22":{"start":{"line":33,"column":8},"end":{"line":33,"column":null}},"23":{"start":{"line":34,"column":8},"end":{"line":34,"column":null}},"24":{"start":{"line":39,"column":22},"end":{"line":39,"column":66}},"25":{"start":{"line":40,"column":20},"end":{"line":40,"column":62}},"26":{"start":{"line":43,"column":24},"end":{"line":45,"column":24}},"27":{"start":{"line":48,"column":30},"end":{"line":48,"column":78}},"28":{"start":{"line":49,"column":29},"end":{"line":49,"column":60}},"29":{"start":{"line":52,"column":25},"end":{"line":54,"column":44}},"30":{"start":{"line":56,"column":23},"end":{"line":56,"column":101}},"31":{"start":{"line":59,"column":26},"end":{"line":59,"column":74}},"32":{"start":{"line":60,"column":26},"end":{"line":66,"column":33}},"33":{"start":{"line":69,"column":22},"end":{"line":69,"column":24}},"34":{"start":{"line":70,"column":4},"end":{"line":77,"column":null}},"35":{"start":{"line":70,"column":17},"end":{"line":70,"column":19}},"36":{"start":{"line":71,"column":19},"end":{"line":71,"column":66}},"37":{"start":{"line":72,"column":20},"end":{"line":72,"column":68}},"38":{"start":{"line":72,"column":44},"end":{"line":72,"column":67}},"39":{"start":{"line":73,"column":6},"end":{"line":76,"column":null}},"40":{"start":{"line":80,"column":21},"end":{"line":82,"column":24}},"41":{"start":{"line":83,"column":22},"end":{"line":85,"column":24}},"42":{"start":{"line":86,"column":20},"end":{"line":86,"column":40}},"43":{"start":{"line":88,"column":4},"end":{"line":97,"column":null}},"44":{"start":{"line":104,"column":0},"end":{"line":179,"column":null}},"45":{"start":{"line":105,"column":2},"end":{"line":178,"column":null}},"46":{"start":{"line":106,"column":18},"end":{"line":106,"column":46}},"47":{"start":{"line":107,"column":22},"end":{"line":107,"column":66}},"48":{"start":{"line":108,"column":20},"end":{"line":108,"column":62}},"49":{"start":{"line":110,"column":21},"end":{"line":110,"column":75}},"50":{"start":{"line":111,"column":26},"end":{"line":173,"column":6}},"51":{"start":{"line":113,"column":28},"end":{"line":115,"column":28}},"52":{"start":{"line":118,"column":26},"end":{"line":120,"column":21}},"53":{"start":{"line":123,"column":19},"end":{"line":123,"column":20}},"54":{"start":{"line":124,"column":30},"end":{"line":126,"column":21}},"55":{"start":{"line":128,"column":6},"end":{"line":139,"column":null}},"56":{"start":{"line":129,"column":24},"end":{"line":129,"column":36}},"57":{"start":{"line":130,"column":32},"end":{"line":130,"column":83}},"58":{"start":{"line":130,"column":58},"end":{"line":130,"column":82}},"59":{"start":{"line":131,"column":8},"end":{"line":133,"column":null}},"60":{"start":{"line":132,"column":10},"end":{"line":132,"column":null}},"61":{"start":{"line":134,"column":24},"end":{"line":134,"column":73}},"62":{"start":{"line":134,"column":57},"end":{"line":134,"column":71}},"63":{"start":{"line":135,"column":8},"end":{"line":138,"column":null}},"64":{"start":{"line":136,"column":10},"end":{"line":136,"column":null}},"65":{"start":{"line":137,"column":10},"end":{"line":137,"column":null}},"66":{"start":{"line":142,"column":32},"end":{"line":142,"column":80}},"67":{"start":{"line":143,"column":31},"end":{"line":143,"column":69}},"68":{"start":{"line":144,"column":27},"end":{"line":146,"column":47}},"69":{"start":{"line":147,"column":25},"end":{"line":147,"column":103}},"70":{"start":{"line":150,"column":23},"end":{"line":152,"column":27}},"71":{"start":{"line":153,"column":24},"end":{"line":155,"column":27}},"72":{"start":{"line":156,"column":22},"end":{"line":156,"column":42}},"73":{"start":{"line":159,"column":22},"end":{"line":161,"column":21}},"74":{"start":{"line":163,"column":6},"end":{"line":172,"column":null}},"75":{"start":{"line":175,"column":4},"end":{"line":175,"column":null}},"76":{"start":{"line":181,"column":0},"end":{"line":181,"column":null}}},"fnMap":{"0":{"name":"(anonymous_0)","decl":{"start":{"line":7,"column":24},"end":{"line":7,"column":25}},"loc":{"start":{"line":7,"column":38},"end":{"line":101,"column":1}},"line":7},"1":{"name":"(anonymous_1)","decl":{"start":{"line":26,"column":51},"end":{"line":26,"column":52}},"loc":{"start":{"line":26,"column":56},"end":{"line":26,"column":80}},"line":26},"2":{"name":"(anonymous_2)","decl":{"start":{"line":31,"column":50},"end":{"line":31,"column":51}},"loc":{"start":{"line":31,"column":55},"end":{"line":31,"column":69}},"line":31},"3":{"name":"(anonymous_3)","decl":{"start":{"line":72,"column":39},"end":{"line":72,"column":40}},"loc":{"start":{"line":72,"column":44},"end":{"line":72,"column":67}},"line":72},"4":{"name":"(anonymous_4)","decl":{"start":{"line":104,"column":16},"end":{"line":104,"column":17}},"loc":{"start":{"line":104,"column":30},"end":{"line":179,"column":1}},"line":104},"5":{"name":"(anonymous_5)","decl":{"start":{"line":111,"column":39},"end":{"line":111,"column":44}},"loc":{"start":{"line":111,"column":48},"end":{"line":173,"column":5}},"line":111},"6":{"name":"(anonymous_6)","decl":{"start":{"line":130,"column":53},"end":{"line":130,"column":54}},"loc":{"start":{"line":130,"column":58},"end":{"line":130,"column":82}},"line":130},"7":{"name":"(anonymous_7)","decl":{"start":{"line":134,"column":52},"end":{"line":134,"column":53}},"loc":{"start":{"line":134,"column":57},"end":{"line":134,"column":71}},"line":134}},"branchMap":{"0":{"loc":{"start":{"line":11,"column":4},"end":{"line":13,"column":null}},"type":"if","locations":[{"start":{"line":11,"column":4},"end":{"line":13,"column":null}},{"start":{},"end":{}}],"line":11},"1":{"loc":{"start":{"line":23,"column":4},"end":{"line":36,"column":null}},"type":"if","locations":[{"start":{"line":23,"column":4},"end":{"line":36,"column":null}},{"start":{},"end":{}}],"line":23},"2":{"loc":{"start":{"line":27,"column":6},"end":{"line":29,"column":null}},"type":"if","locations":[{"start":{"line":27,"column":6},"end":{"line":29,"column":null}},{"start":{},"end":{}}],"line":27},"3":{"loc":{"start":{"line":56,"column":23},"end":{"line":56,"column":101}},"type":"cond-expr","locations":[{"start":{"line":56,"column":46},"end":{"line":56,"column":97}},{"start":{"line":56,"column":100},"end":{"line":56,"column":101}}],"line":56},"4":{"loc":{"start":{"line":75,"column":15},"end":{"line":75,"column":null}},"type":"cond-expr","locations":[{"start":{"line":75,"column":23},"end":{"line":75,"column":34}},{"start":{"line":75,"column":37},"end":{"line":75,"column":null}}],"line":75},"5":{"loc":{"start":{"line":128,"column":6},"end":{"line":139,"column":null}},"type":"if","locations":[{"start":{"line":128,"column":6},"end":{"line":139,"column":null}},{"start":{},"end":{}}],"line":128},"6":{"loc":{"start":{"line":131,"column":8},"end":{"line":133,"column":null}},"type":"if","locations":[{"start":{"line":131,"column":8},"end":{"line":133,"column":null}},{"start":{},"end":{}}],"line":131},"7":{"loc":{"start":{"line":147,"column":25},"end":{"line":147,"column":103}},"type":"cond-expr","locations":[{"start":{"line":147,"column":48},"end":{"line":147,"column":99}},{"start":{"line":147,"column":102},"end":{"line":147,"column":103}}],"line":147},"8":{"loc":{"start":{"line":170,"column":24},"end":{"line":170,"column":49}},"type":"binary-expr","locations":[{"start":{"line":170,"column":24},"end":{"line":170,"column":44}},{"start":{"line":170,"column":48},"end":{"line":170,"column":49}}],"line":170}},"s":{"0":7,"1":7,"2":7,"3":7,"4":7,"5":6,"6":6,"7":6,"8":6,"9":1,"10":5,"11":5,"12":5,"13":5,"14":2,"15":2,"16":3,"17":2,"18":1,"19":2,"20":3,"21":2,"22":3,"23":3,"24":5,"25":5,"26":5,"27":5,"28":5,"29":5,"30":5,"31":6,"32":6,"33":6,"34":6,"35":6,"36":150,"37":150,"38":89,"39":150,"40":150,"41":150,"42":150,"43":150,"44":7,"45":5,"46":5,"47":5,"48":5,"49":5,"50":5,"51":10,"52":10,"53":10,"54":10,"55":10,"56":2,"57":2,"58":2,"59":2,"60":1,"61":2,"62":3,"63":2,"64":3,"65":3,"66":10,"67":10,"68":10,"69":10,"70":10,"71":10,"72":10,"73":10,"74":10,"75":5,"76":7},"f":{"0":6,"1":3,"2":3,"3":89,"4":5,"5":10,"6":2,"7":3},"b":{"0":[1,5],"1":[2,3],"2":[1,1],"3":[5,6],"4":[3,150],"5":[2,8],"6":[1,1],"7":[10,10],"8":[10,10]},"meta":{"lastBranch":9,"lastFunction":8,"lastStatement":77,"seen":{"s:1:16:1:34":0,"s:2:11:2:33":1,"s:3:14:3:30":2,"s:4:15:4:31":3,"s:7:0:101:Infinity":4,"f:7:24:7:25":0,"s:8:2:100:Infinity":5,"s:9:24:9:34":6,"s:10:18:10:80":7,"b:11:4:13:Infinity:undefined:undefined:undefined:undefined":0,"s:11:4:13:Infinity":8,"s:12:6:12:Infinity":9,"s:15:18:15:46":10,"s:18:17:18:18":11,"s:19:28:21:18":12,"b:23:4:36:Infinity:undefined:undefined:undefined:undefined":1,"s:23:4:36:Infinity":13,"s:24:22:24:34":14,"s:26:30:26:81":15,"f:26:51:26:52":1,"s:26:56:26:80":16,"b:27:6:29:Infinity:undefined:undefined:undefined:undefined":2,"s:27:6:29:Infinity":17,"s:28:8:28:Infinity":18,"s:31:22:31:71":19,"f:31:50:31:51":2,"s:31:55:31:69":20,"s:32:6:35:Infinity":21,"s:33:8:33:Infinity":22,"s:34:8:34:Infinity":23,"s:39:22:39:66":24,"s:40:20:40:62":25,"s:43:24:45:24":26,"s:48:30:48:78":27,"s:49:29:49:60":28,"s:52:25:54:44":29,"s:56:23:56:101":30,"b:56:46:56:97:56:100:56:101":3,"s:59:26:59:74":31,"s:60:26:66:33":32,"s:69:22:69:24":33,"s:70:4:77:Infinity":34,"s:70:17:70:19":35,"s:71:19:71:66":36,"s:72:20:72:68":37,"f:72:39:72:40":3,"s:72:44:72:67":38,"s:73:6:76:Infinity":39,"b:75:23:75:34:75:37:75:Infinity":4,"s:80:21:82:24":40,"s:83:22:85:24":41,"s:86:20:86:40":42,"s:88:4:97:Infinity":43,"s:104:0:179:Infinity":44,"f:104:16:104:17":4,"s:105:2:178:Infinity":45,"s:106:18:106:46":46,"s:107:22:107:66":47,"s:108:20:108:62":48,"s:110:21:110:75":49,"s:111:26:173:6":50,"f:111:39:111:44":5,"s:113:28:115:28":51,"s:118:26:120:21":52,"s:123:19:123:20":53,"s:124:30:126:21":54,"b:128:6:139:Infinity:undefined:undefined:undefined:undefined":5,"s:128:6:139:Infinity":55,"s:129:24:129:36":56,"s:130:32:130:83":57,"f:130:53:130:54":6,"s:130:58:130:82":58,"b:131:8:133:Infinity:undefined:undefined:undefined:undefined":6,"s:131:8:133:Infinity":59,"s:132:10:132:Infinity":60,"s:134:24:134:73":61,"f:134:52:134:53":7,"s:134:57:134:71":62,"s:135:8:138:Infinity":63,"s:136:10:136:Infinity":64,"s:137:10:137:Infinity":65,"s:142:32:142:80":66,"s:143:31:143:69":67,"s:144:27:146:47":68,"s:147:25:147:103":69,"b:147:48:147:99:147:102:147:103":7,"s:150:23:152:27":70,"s:153:24:155:27":71,"s:156:22:156:42":72,"s:159:22:161:21":73,"s:163:6:172:Infinity":74,"b:170:24:170:44:170:48:170:49":8,"s:175:4:175:Infinity":75,"s:181:0:181:Infinity":76},"fnNames":{}}}
,"/Users/yuxiao/Downloads/StarParadise/star-park/server/src/routes/tasks.js": {"path":"/Users/yuxiao/Downloads/StarParadise/star-park/server/src/routes/tasks.js","statementMap":{"0":{"start":{"line":1,"column":16},"end":{"line":1,"column":34}},"1":{"start":{"line":2,"column":11},"end":{"line":2,"column":33}},"2":{"start":{"line":3,"column":15},"end":{"line":3,"column":31}},"3":{"start":{"line":6,"column":0},"end":{"line":19,"column":null}},"4":{"start":{"line":7,"column":2},"end":{"line":18,"column":null}},"5":{"start":{"line":8,"column":25},"end":{"line":8,"column":34}},"6":{"start":{"line":10,"column":4},"end":{"line":14,"column":null}},"7":{"start":{"line":11,"column":6},"end":{"line":11,"column":null}},"8":{"start":{"line":13,"column":6},"end":{"line":13,"column":null}},"9":{"start":{"line":15,"column":4},"end":{"line":15,"column":null}},"10":{"start":{"line":22,"column":0},"end":{"line":36,"column":null}},"11":{"start":{"line":23,"column":2},"end":{"line":35,"column":null}},"12":{"start":{"line":24,"column":102},"end":{"line":24,"column":110}},"13":{"start":{"line":25,"column":4},"end":{"line":27,"column":null}},"14":{"start":{"line":26,"column":6},"end":{"line":26,"column":null}},"15":{"start":{"line":28,"column":19},"end":{"line":30,"column":131}},"16":{"start":{"line":31,"column":17},"end":{"line":31,"column":91}},"17":{"start":{"line":32,"column":4},"end":{"line":32,"column":null}},"18":{"start":{"line":39,"column":0},"end":{"line":72,"column":null}},"19":{"start":{"line":40,"column":2},"end":{"line":71,"column":null}},"20":{"start":{"line":41,"column":19},"end":{"line":41,"column":29}},"21":{"start":{"line":42,"column":21},"end":{"line":42,"column":75}},"22":{"start":{"line":43,"column":4},"end":{"line":45,"column":null}},"23":{"start":{"line":44,"column":6},"end":{"line":44,"column":null}},"24":{"start":{"line":46,"column":103},"end":{"line":46,"column":111}},"25":{"start":{"line":47,"column":19},"end":{"line":47,"column":78}},"26":{"start":{"line":48,"column":14},"end":{"line":53,"column":43}},"27":{"start":{"line":54,"column":19},"end":{"line":54,"column":45}},"28":{"start":{"line":54,"column":35},"end":{"line":54,"column":44}},"29":{"start":{"line":56,"column":4},"end":{"line":59,"column":null}},"30":{"start":{"line":57,"column":6},"end":{"line":57,"column":null}},"31":{"start":{"line":58,"column":6},"end":{"line":58,"column":null}},"32":{"start":{"line":61,"column":4},"end":{"line":64,"column":null}},"33":{"start":{"line":62,"column":6},"end":{"line":62,"column":null}},"34":{"start":{"line":63,"column":6},"end":{"line":63,"column":null}},"35":{"start":{"line":65,"column":4},"end":{"line":65,"column":null}},"36":{"start":{"line":66,"column":4},"end":{"line":66,"column":null}},"37":{"start":{"line":67,"column":20},"end":{"line":67,"column":74}},"38":{"start":{"line":68,"column":4},"end":{"line":68,"column":null}},"39":{"start":{"line":75,"column":0},"end":{"line":92,"column":null}},"40":{"start":{"line":76,"column":2},"end":{"line":91,"column":null}},"41":{"start":{"line":77,"column":19},"end":{"line":77,"column":29}},"42":{"start":{"line":78,"column":21},"end":{"line":78,"column":75}},"43":{"start":{"line":79,"column":4},"end":{"line":81,"column":null}},"44":{"start":{"line":80,"column":6},"end":{"line":80,"column":null}},"45":{"start":{"line":83,"column":30},"end":{"line":86,"column":6}},"46":{"start":{"line":84,"column":6},"end":{"line":84,"column":null}},"47":{"start":{"line":85,"column":6},"end":{"line":85,"column":null}},"48":{"start":{"line":87,"column":4},"end":{"line":87,"column":null}},"49":{"start":{"line":88,"column":4},"end":{"line":88,"column":null}},"50":{"start":{"line":94,"column":0},"end":{"line":94,"column":null}}},"fnMap":{"0":{"name":"(anonymous_0)","decl":{"start":{"line":6,"column":16},"end":{"line":6,"column":17}},"loc":{"start":{"line":6,"column":30},"end":{"line":19,"column":1}},"line":6},"1":{"name":"(anonymous_1)","decl":{"start":{"line":22,"column":17},"end":{"line":22,"column":18}},"loc":{"start":{"line":22,"column":31},"end":{"line":36,"column":1}},"line":22},"2":{"name":"(anonymous_2)","decl":{"start":{"line":39,"column":19},"end":{"line":39,"column":20}},"loc":{"start":{"line":39,"column":33},"end":{"line":72,"column":1}},"line":39},"3":{"name":"(anonymous_3)","decl":{"start":{"line":54,"column":30},"end":{"line":54,"column":31}},"loc":{"start":{"line":54,"column":35},"end":{"line":54,"column":44}},"line":54},"4":{"name":"(anonymous_4)","decl":{"start":{"line":75,"column":22},"end":{"line":75,"column":23}},"loc":{"start":{"line":75,"column":36},"end":{"line":92,"column":1}},"line":75},"5":{"name":"(anonymous_5)","decl":{"start":{"line":83,"column":45},"end":{"line":83,"column":46}},"loc":{"start":{"line":83,"column":51},"end":{"line":86,"column":5}},"line":83}},"branchMap":{"0":{"loc":{"start":{"line":10,"column":4},"end":{"line":14,"column":null}},"type":"if","locations":[{"start":{"line":10,"column":4},"end":{"line":14,"column":null}},{"start":{"line":12,"column":11},"end":{"line":14,"column":null}}],"line":10},"1":{"loc":{"start":{"line":25,"column":4},"end":{"line":27,"column":null}},"type":"if","locations":[{"start":{"line":25,"column":4},"end":{"line":27,"column":null}},{"start":{},"end":{}}],"line":25},"2":{"loc":{"start":{"line":25,"column":8},"end":{"line":25,"column":27}},"type":"binary-expr","locations":[{"start":{"line":25,"column":8},"end":{"line":25,"column":17}},{"start":{"line":25,"column":21},"end":{"line":25,"column":27}}],"line":25},"3":{"loc":{"start":{"line":30,"column":27},"end":{"line":30,"column":46}},"type":"binary-expr","locations":[{"start":{"line":30,"column":27},"end":{"line":30,"column":38}},{"start":{"line":30,"column":42},"end":{"line":30,"column":46}}],"line":30},"4":{"loc":{"start":{"line":30,"column":48},"end":{"line":30,"column":68}},"type":"binary-expr","locations":[{"start":{"line":30,"column":48},"end":{"line":30,"column":61}},{"start":{"line":30,"column":65},"end":{"line":30,"column":68}}],"line":30},"5":{"loc":{"start":{"line":30,"column":70},"end":{"line":30,"column":88}},"type":"binary-expr","locations":[{"start":{"line":30,"column":70},"end":{"line":30,"column":81}},{"start":{"line":30,"column":85},"end":{"line":30,"column":88}}],"line":30},"6":{"loc":{"start":{"line":30,"column":90},"end":{"line":30,"column":110}},"type":"binary-expr","locations":[{"start":{"line":30,"column":90},"end":{"line":30,"column":102}},{"start":{"line":30,"column":106},"end":{"line":30,"column":110}}],"line":30},"7":{"loc":{"start":{"line":30,"column":112},"end":{"line":30,"column":130}},"type":"binary-expr","locations":[{"start":{"line":30,"column":112},"end":{"line":30,"column":125}},{"start":{"line":30,"column":129},"end":{"line":30,"column":130}}],"line":30},"8":{"loc":{"start":{"line":43,"column":4},"end":{"line":45,"column":null}},"type":"if","locations":[{"start":{"line":43,"column":4},"end":{"line":45,"column":null}},{"start":{},"end":{}}],"line":43},"9":{"loc":{"start":{"line":54,"column":35},"end":{"line":54,"column":44}},"type":"binary-expr","locations":[{"start":{"line":54,"column":35},"end":{"line":54,"column":36}},{"start":{"line":54,"column":40},"end":{"line":54,"column":44}}],"line":54},"10":{"loc":{"start":{"line":56,"column":4},"end":{"line":59,"column":null}},"type":"if","locations":[{"start":{"line":56,"column":4},"end":{"line":59,"column":null}},{"start":{},"end":{}}],"line":56},"11":{"loc":{"start":{"line":58,"column":18},"end":{"line":58,"column":38}},"type":"binary-expr","locations":[{"start":{"line":58,"column":18},"end":{"line":58,"column":30}},{"start":{"line":58,"column":34},"end":{"line":58,"column":38}}],"line":58},"12":{"loc":{"start":{"line":61,"column":4},"end":{"line":64,"column":null}},"type":"if","locations":[{"start":{"line":61,"column":4},"end":{"line":64,"column":null}},{"start":{},"end":{}}],"line":61},"13":{"loc":{"start":{"line":63,"column":18},"end":{"line":63,"column":36}},"type":"binary-expr","locations":[{"start":{"line":63,"column":18},"end":{"line":63,"column":31}},{"start":{"line":63,"column":35},"end":{"line":63,"column":36}}],"line":63},"14":{"loc":{"start":{"line":79,"column":4},"end":{"line":81,"column":null}},"type":"if","locations":[{"start":{"line":79,"column":4},"end":{"line":81,"column":null}},{"start":{},"end":{}}],"line":79}},"s":{"0":7,"1":7,"2":7,"3":7,"4":4,"5":4,"6":4,"7":2,"8":2,"9":4,"10":7,"11":9,"12":9,"13":9,"14":2,"15":7,"16":9,"17":9,"18":7,"19":9,"20":9,"21":9,"22":9,"23":1,"24":8,"25":8,"26":8,"27":8,"28":40,"29":8,"30":4,"31":4,"32":8,"33":0,"34":0,"35":8,"36":8,"37":8,"38":8,"39":7,"40":3,"41":3,"42":3,"43":3,"44":1,"45":2,"46":2,"47":2,"48":2,"49":2,"50":7},"f":{"0":4,"1":9,"2":9,"3":40,"4":3,"5":2},"b":{"0":[2,2],"1":[2,7],"2":[9,8],"3":[7,6],"4":[9,6],"5":[9,6],"6":[9,2],"7":[9,9],"8":[1,8],"9":[32,32],"10":[4,4],"11":[4,1],"12":[0,8],"13":[0,0],"14":[1,2]},"meta":{"lastBranch":15,"lastFunction":6,"lastStatement":51,"seen":{"s:1:16:1:34":0,"s:2:11:2:33":1,"s:3:15:3:31":2,"s:6:0:19:Infinity":3,"f:6:16:6:17":0,"s:7:2:18:Infinity":4,"s:8:25:8:34":5,"b:10:4:14:Infinity:12:11:14:Infinity":0,"s:10:4:14:Infinity":6,"s:11:6:11:Infinity":7,"s:13:6:13:Infinity":8,"s:15:4:15:Infinity":9,"s:22:0:36:Infinity":10,"f:22:17:22:18":1,"s:23:2:35:Infinity":11,"s:24:102:24:110":12,"b:25:4:27:Infinity:undefined:undefined:undefined:undefined":1,"s:25:4:27:Infinity":13,"b:25:8:25:17:25:21:25:27":2,"s:26:6:26:Infinity":14,"s:28:19:30:131":15,"b:30:27:30:38:30:42:30:46":3,"b:30:48:30:61:30:65:30:68":4,"b:30:70:30:81:30:85:30:88":5,"b:30:90:30:102:30:106:30:110":6,"b:30:112:30:125:30:129:30:130":7,"s:31:17:31:91":16,"s:32:4:32:Infinity":17,"s:39:0:72:Infinity":18,"f:39:19:39:20":2,"s:40:2:71:Infinity":19,"s:41:19:41:29":20,"s:42:21:42:75":21,"b:43:4:45:Infinity:undefined:undefined:undefined:undefined":8,"s:43:4:45:Infinity":22,"s:44:6:44:Infinity":23,"s:46:103:46:111":24,"s:47:19:47:78":25,"s:48:14:53:43":26,"s:54:19:54:45":27,"f:54:30:54:31":3,"s:54:35:54:44":28,"b:54:35:54:36:54:40:54:44":9,"b:56:4:59:Infinity:undefined:undefined:undefined:undefined":10,"s:56:4:59:Infinity":29,"s:57:6:57:Infinity":30,"s:58:6:58:Infinity":31,"b:58:18:58:30:58:34:58:38":11,"b:61:4:64:Infinity:undefined:undefined:undefined:undefined":12,"s:61:4:64:Infinity":32,"s:62:6:62:Infinity":33,"s:63:6:63:Infinity":34,"b:63:18:63:31:63:35:63:36":13,"s:65:4:65:Infinity":35,"s:66:4:66:Infinity":36,"s:67:20:67:74":37,"s:68:4:68:Infinity":38,"s:75:0:92:Infinity":39,"f:75:22:75:23":4,"s:76:2:91:Infinity":40,"s:77:19:77:29":41,"s:78:21:78:75":42,"b:79:4:81:Infinity:undefined:undefined:undefined:undefined":14,"s:79:4:81:Infinity":43,"s:80:6:80:Infinity":44,"s:83:30:86:6":45,"f:83:45:83:46":5,"s:84:6:84:Infinity":46,"s:85:6:85:Infinity":47,"s:87:4:87:Infinity":48,"s:88:4:88:Infinity":49,"s:94:0:94:Infinity":50},"fnNames":{}}}
}
